2025-02-13 23:19:39 [INFO]- Received login request for admin: admin
2025-02-13 23:19:39 [INFO]- Admin successfully logged in: admin
2025-02-13 23:22:57 [INFO]- Received login request for admin: admin
2025-02-13 23:22:57 [INFO]- Admin successfully logged in: admin
2025-02-13 23:23:38 [INFO]- Received login request for admin: admin
2025-02-13 23:23:38 [INFO]- Admin successfully logged in: admin
2025-02-13 23:23:52 [INFO]- Received login request for admin: admin
2025-02-13 23:23:52 [INFO]- Admin successfully logged in: admin
2025-02-13 23:25:01 [INFO]- Received login request for admin: admin
2025-02-13 23:25:01 [INFO]- Admin successfully logged in: admin
2025-02-13 23:25:02 [INFO]- Received login request for admin: admin
2025-02-13 23:25:02 [INFO]- Admin successfully logged in: admin
2025-02-13 23:25:13 [INFO]- Received login request for admin: admin
2025-02-13 23:25:13 [INFO]- Admin successfully logged in: admin
2025-02-13 23:25:22 [INFO]- Received login request for admin: admin
2025-02-13 23:25:22 [INFO]- Admin successfully logged in: admin
2025-02-13 23:31:10 [INFO]- Received login request for admin: admin
2025-02-13 23:31:10 [INFO]- Admin successfully logged in: admin
2025-02-13 23:31:11 [INFO]- Received login request for admin: admin
2025-02-13 23:31:11 [INFO]- Admin successfully logged in: admin
2025-02-13 23:31:11 [INFO]- Received login request for admin: admin
2025-02-13 23:31:11 [INFO]- Admin successfully logged in: admin
2025-02-13 23:31:11 [INFO]- Received login request for admin: admin
2025-02-13 23:31:11 [INFO]- Admin successfully logged in: admin
2025-02-13 23:31:23 [INFO]- Received login request for admin: admin
2025-02-13 23:31:23 [INFO]- Admin successfully logged in: admin
2025-02-13 23:35:01 [INFO]- Received login request for admin: admin
2025-02-13 23:35:01 [INFO]- Admin successfully logged in: admin
2025-02-13 23:42:44 [INFO]- Received login request for admin: admin
2025-02-13 23:42:44 [INFO]- Admin successfully logged in: admin
2025-02-13 23:47:50 [INFO]- Received login request for admin: admin
2025-02-13 23:47:50 [INFO]- Admin successfully logged in: admin
2025-02-13 23:49:13 [INFO]- Received login request for admin: admin
2025-02-13 23:49:13 [INFO]- Admin successfully logged in: admin
2025-02-15 17:35:04 [INFO]- Fetching admin details for username: login
2025-02-15 17:56:34 [INFO]- Fetching admin details for username: login
2025-02-15 17:58:50 [INFO]- Fetching admin details for username: admin
2025-02-15 17:59:42 [INFO]- Admin login attempt for username: admin
2025-02-15 17:59:42 [INFO]- Admin login successful for username: admin
2025-02-16 11:26:14 [INFO]- Admin login attempt for username: admin
2025-02-16 11:26:14 [INFO]- Admin login successful for username: admin
2025-02-16 11:29:58 [INFO]- Admin login attempt for username: admin
2025-02-16 11:29:58 [WARN]- Invalid login attempt for username: admin
2025-02-16 11:30:05 [INFO]- Admin login attempt for username: admin
2025-02-16 11:30:05 [INFO]- Admin login successful for username: admin
2025-02-16 11:36:36 [INFO]- Admin login attempt for username: admin
2025-02-16 11:36:36 [INFO]- Admin session created for username: admin
2025-02-16 13:05:17 [INFO]- Admin login attempt for username: admin
2025-02-16 13:05:17 [INFO]- Admin session created for username: admin
2025-02-16 13:05:17 [INFO]- Fetching admin details for username: dashboard
2025-02-16 13:05:17 [INFO]- Fetching admin details for username: dashboard
2025-02-16 13:11:20 [INFO]- Admin login attempt for username: admin
2025-02-16 13:11:20 [INFO]- Admin session created for username: admin
2025-02-16 13:11:20 [INFO]- Fetching admin details for username: dashboard
2025-02-16 13:11:20 [INFO]- Fetching admin details for username: dashboard
2025-02-16 13:11:28 [INFO]- Fetching admin details for username: dashboard
2025-02-16 13:11:28 [INFO]- Fetching admin details for username: dashboard
2025-02-16 13:11:52 [INFO]- Fetching admin details for username: dashboard
2025-02-16 13:11:52 [INFO]- Fetching admin details for username: dashboard
2025-02-16 13:13:28 [INFO]- Fetching admin details for username: dashboard
2025-02-16 13:13:28 [INFO]- Fetching admin details for username: dashboard
2025-02-16 13:59:12 [INFO]- Fetching admin details for username: dashboard
2025-02-16 14:01:13 [INFO]- Fetching admin details for username: dashboard
2025-02-16 14:01:13 [INFO]- Fetching admin details for username: dashboard
2025-02-16 14:01:13 [INFO]- Fetching admin details for username: dashboard
2025-02-16 14:01:13 [INFO]- Fetching admin details for username: dashboard
2025-02-16 14:05:12 [INFO]- Fetching admin details for username: dashboard
2025-02-16 14:05:12 [INFO]- Fetching admin details for username: dashboard
2025-02-16 14:14:01 [INFO]- Admin login attempt for username: admin
2025-02-16 14:14:01 [INFO]- Admin session created for username: admin
2025-02-16 14:14:01 [INFO]- Fetching details for logged-in admin: admin
2025-02-16 14:14:01 [INFO]- Fetching admin details for username: dashboard
2025-02-16 14:14:01 [INFO]- Fetching details for logged-in admin: admin
2025-02-16 14:14:01 [INFO]- Fetching admin details for username: dashboard
2025-02-16 14:14:08 [INFO]- Admin session destroyed.
2025-02-16 14:14:33 [INFO]- Admin login attempt for username: admin
2025-02-16 14:14:33 [INFO]- Admin session created for username: admin
2025-02-16 14:14:33 [INFO]- Fetching details for logged-in admin: admin
2025-02-16 14:14:33 [INFO]- Fetching admin details for username: dashboard
2025-02-16 14:14:33 [INFO]- Fetching details for logged-in admin: admin
2025-02-16 14:14:33 [INFO]- Fetching admin details for username: dashboard
2025-02-16 14:39:56 [INFO]- Admin session destroyed.
2025-02-16 14:40:25 [INFO]- Admin login attempt for username: admin
2025-02-16 14:40:25 [INFO]- Admin session created for username: admin
2025-02-16 14:40:25 [INFO]- Fetching details for logged-in admin: admin
2025-02-16 14:40:25 [INFO]- Fetching admin details for username: dashboard
2025-02-16 14:40:25 [INFO]- Fetching details for logged-in admin: admin
2025-02-16 14:40:25 [INFO]- Fetching admin details for username: dashboard
2025-02-16 15:48:53 [INFO]- Admin login attempt for username: admin
2025-02-16 15:48:53 [INFO]- Admin session created for username: admin
2025-02-16 15:48:53 [INFO]- Fetching details for logged-in admin: admin
2025-02-16 15:48:53 [INFO]- Fetching admin details for username: dashboard
2025-02-16 15:48:53 [INFO]- Fetching details for logged-in admin: admin
2025-02-16 15:48:53 [INFO]- Fetching admin details for username: dashboard
2025-02-16 15:48:54 [INFO]- Admin session destroyed.
2025-02-16 15:49:01 [INFO]- Fetching admin details for username: dashboard
2025-02-16 15:49:01 [INFO]- Fetching admin details for username: dashboard
2025-02-16 15:49:08 [INFO]- Admin login attempt for username: admin
2025-02-16 15:49:08 [INFO]- Admin session created for username: admin
2025-02-16 15:49:08 [INFO]- Fetching details for logged-in admin: admin
2025-02-16 15:49:08 [INFO]- Fetching admin details for username: dashboard
2025-02-16 15:49:08 [INFO]- Fetching details for logged-in admin: admin
2025-02-16 15:49:08 [INFO]- Fetching admin details for username: dashboard
2025-02-16 15:59:16 [INFO]- Fetching details for logged-in admin: admin
2025-02-16 15:59:16 [INFO]- Fetching details for logged-in admin: admin
2025-02-16 15:59:39 [INFO]- Fetching details for logged-in admin: admin
2025-02-16 15:59:39 [INFO]- Fetching details for logged-in admin: admin
2025-02-16 16:01:19 [INFO]- Fetching details for logged-in admin: admin
2025-02-16 16:01:19 [INFO]- Fetching details for logged-in admin: admin
2025-02-16 16:01:25 [INFO]- Fetching details for logged-in admin: admin
2025-02-16 16:01:25 [INFO]- Fetching details for logged-in admin: admin
2025-02-16 16:01:27 [INFO]- Fetching details for logged-in admin: admin
2025-02-16 16:01:27 [INFO]- Fetching details for logged-in admin: admin
2025-02-16 16:01:28 [INFO]- Fetching details for logged-in admin: admin
2025-02-16 16:01:28 [INFO]- Fetching details for logged-in admin: admin
2025-02-16 16:01:28 [INFO]- Fetching details for logged-in admin: admin
2025-02-16 16:01:28 [INFO]- Fetching details for logged-in admin: admin
2025-02-16 16:01:29 [INFO]- Fetching details for logged-in admin: admin
2025-02-16 16:01:29 [INFO]- Fetching details for logged-in admin: admin
2025-02-16 16:01:29 [INFO]- Fetching details for logged-in admin: admin
2025-02-16 16:01:29 [INFO]- Fetching details for logged-in admin: admin
2025-02-16 16:01:29 [INFO]- Fetching details for logged-in admin: admin
2025-02-16 16:01:29 [INFO]- Fetching details for logged-in admin: admin
2025-02-16 16:01:30 [INFO]- Fetching details for logged-in admin: admin
2025-02-16 16:01:30 [INFO]- Fetching details for logged-in admin: admin
2025-02-16 16:01:30 [INFO]- Fetching details for logged-in admin: admin
2025-02-16 16:01:30 [INFO]- Fetching details for logged-in admin: admin
2025-02-16 16:01:31 [INFO]- Fetching details for logged-in admin: admin
2025-02-16 16:01:31 [INFO]- Fetching details for logged-in admin: admin
2025-02-16 16:01:31 [INFO]- Fetching details for logged-in admin: admin
2025-02-16 16:01:31 [INFO]- Fetching details for logged-in admin: admin
2025-02-16 16:03:10 [INFO]- Fetching details for logged-in admin: admin
2025-02-16 16:03:10 [INFO]- Fetching details for logged-in admin: admin
2025-02-16 16:03:34 [INFO]- Fetching details for logged-in admin: admin
2025-02-16 16:03:34 [INFO]- Fetching details for logged-in admin: admin
2025-02-16 16:04:27 [INFO]- Fetching details for logged-in admin: admin
2025-02-16 16:04:27 [INFO]- Fetching details for logged-in admin: admin
2025-02-16 16:18:16 [INFO]- Fetching details for logged-in admin: admin
2025-02-16 16:18:16 [INFO]- Fetching details for logged-in admin: admin
2025-02-16 16:18:42 [INFO]- Fetching details for logged-in admin: admin
2025-02-16 16:18:42 [INFO]- Fetching details for logged-in admin: admin
2025-02-16 17:02:47 [INFO]- Admin login attempt for username: admin
2025-02-16 17:02:47 [INFO]- Admin session created for username: admin
2025-02-16 17:02:47 [INFO]- Fetching details for logged-in admin: admin
2025-02-16 17:02:47 [INFO]- Fetching details for logged-in admin: admin
2025-02-16 17:02:47 [INFO]- Fetching admin details for username: dashboard
2025-02-16 17:02:47 [INFO]- Fetching admin details for username: dashboard
2025-02-16 17:06:53 [INFO]- Fetching admin details for username: subscription-plans
2025-02-16 17:08:08 [INFO]- Fetching admin details for username: subscription-plans
2025-02-16 17:08:08 [INFO]- Fetching admin details for username: subscription-plans
2025-02-16 17:08:16 [INFO]- Fetching admin details for username: subscription-plans
2025-02-16 17:08:16 [INFO]- Fetching admin details for username: subscription-plans
2025-02-16 17:08:26 [INFO]- Fetching admin details for username: subscription-plans
2025-02-16 17:08:26 [INFO]- Fetching admin details for username: subscription-plans
2025-02-16 17:12:41 [INFO]- Fetching admin details for username: subscription-plans
2025-02-16 17:12:41 [INFO]- Fetching admin details for username: subscription-plans
2025-02-16 17:24:34 [INFO]- Fetching admin details for username: subscription-plans
2025-02-16 17:24:43 [INFO]- Fetching admin details for username: subscription-plans
2025-02-16 17:24:43 [INFO]- Fetching admin details for username: subscription-plans
2025-02-16 17:25:39 [INFO]- Fetching admin details for username: subscription-plans
2025-02-16 17:25:39 [INFO]- Fetching admin details for username: subscription-plans
2025-02-16 17:27:43 [INFO]- Fetching admin details for username: subscription-plans
2025-02-16 17:28:26 [INFO]- Fetching admin details for username: subscription-plans
2025-02-16 18:01:58 [INFO]- Fetching details for logged-in admin: admin
2025-02-16 18:01:58 [INFO]- Fetching details for logged-in admin: admin
2025-02-16 18:02:19 [INFO]- Admin session destroyed.
2025-02-16 18:06:57 [INFO]- Admin login attempt for username: admin
2025-02-16 18:06:57 [INFO]- Admin session created for username: admin
2025-02-16 18:06:57 [INFO]- Fetching details for logged-in admin: admin
2025-02-16 18:06:57 [INFO]- Fetching details for logged-in admin: admin
2025-02-16 18:06:57 [INFO]- Fetching admin details for username: dashboard
2025-02-16 18:06:57 [INFO]- Fetching admin details for username: dashboard
2025-02-16 18:06:59 [INFO]- Fetching details for logged-in admin: admin
2025-02-16 18:06:59 [INFO]- Fetching details for logged-in admin: admin
2025-02-16 18:07:03 [INFO]- Fetching details for logged-in admin: admin
2025-02-16 18:07:03 [INFO]- Fetching details for logged-in admin: admin
2025-02-16 18:07:06 [INFO]- Fetching details for logged-in admin: admin
2025-02-16 18:07:06 [INFO]- Fetching details for logged-in admin: admin
2025-02-16 18:08:03 [INFO]- Admin session destroyed.
2025-02-16 18:08:55 [INFO]- Admin login attempt for username: admin
2025-02-16 18:08:55 [INFO]- Admin session created for username: admin
2025-02-16 18:08:55 [INFO]- Fetching details for logged-in admin: admin
2025-02-16 18:08:55 [INFO]- Fetching admin details for username: dashboard
2025-02-16 18:08:55 [INFO]- Fetching details for logged-in admin: admin
2025-02-16 18:08:55 [INFO]- Fetching admin details for username: dashboard
2025-02-16 18:09:05 [INFO]- Fetching details for logged-in admin: admin
2025-02-16 18:09:05 [INFO]- Fetching admin details for username: dashboard
2025-02-16 18:09:05 [INFO]- Fetching details for logged-in admin: admin
2025-02-16 18:09:05 [INFO]- Fetching admin details for username: dashboard
2025-02-16 18:21:17 [INFO]- Admin login attempt for username: admin
2025-02-16 18:21:17 [INFO]- Admin session created for username: admin
2025-02-16 18:21:17 [INFO]- Fetching details for logged-in admin: admin
2025-02-16 18:21:17 [INFO]- Fetching admin details for username: dashboard
2025-02-16 18:21:18 [INFO]- Fetching details for logged-in admin: admin
2025-02-16 18:21:18 [INFO]- Fetching admin details for username: dashboard
2025-02-16 18:21:20 [INFO]- Fetching details for logged-in admin: admin
2025-02-16 18:21:20 [INFO]- Fetching details for logged-in admin: admin
2025-02-16 18:30:44 [INFO]- Fetching details for logged-in admin: admin
2025-02-16 18:30:44 [INFO]- Fetching details for logged-in admin: admin
2025-02-16 18:47:06 [INFO]- Admin login attempt for username: admin
2025-02-16 18:47:06 [INFO]- Admin session created for username: admin
2025-02-16 18:47:06 [INFO]- Fetching details for logged-in admin: admin
2025-02-16 18:47:06 [INFO]- Fetching admin details for username: dashboard
2025-02-16 18:47:06 [INFO]- Fetching details for logged-in admin: admin
2025-02-16 18:47:06 [INFO]- Fetching admin details for username: dashboard
2025-02-16 18:47:11 [INFO]- Admin session destroyed.
2025-02-16 19:02:30 [INFO]- Admin login attempt for username: admin
2025-02-16 19:02:30 [INFO]- Admin session created for username: admin
2025-02-16 19:02:30 [INFO]- Fetching details for logged-in admin: admin
2025-02-16 19:02:30 [INFO]- Fetching details for logged-in admin: admin
2025-02-16 19:02:30 [INFO]- Fetching admin details for username: dashboard
2025-02-16 19:02:30 [INFO]- Fetching admin details for username: dashboard
2025-02-16 19:02:35 [INFO]- Fetching details for logged-in admin: admin
2025-02-16 19:02:35 [INFO]- Fetching admin details for username: dashboard
2025-02-16 19:02:35 [INFO]- Fetching details for logged-in admin: admin
2025-02-16 19:02:35 [INFO]- Fetching admin details for username: dashboard
2025-02-16 19:02:38 [INFO]- Fetching details for logged-in admin: admin
2025-02-16 19:02:38 [INFO]- Fetching details for logged-in admin: admin
2025-02-16 19:03:07 [INFO]- Fetching details for logged-in admin: admin
2025-02-16 19:03:07 [INFO]- Fetching details for logged-in admin: admin
2025-02-16 19:03:09 [INFO]- Fetching details for logged-in admin: admin
2025-02-16 19:03:09 [INFO]- Fetching admin details for username: dashboard
2025-02-16 19:03:09 [INFO]- Fetching details for logged-in admin: admin
2025-02-16 19:03:09 [INFO]- Fetching admin details for username: dashboard
2025-02-16 19:03:52 [INFO]- Fetching details for logged-in admin: admin
2025-02-16 19:03:52 [INFO]- Fetching admin details for username: dashboard
2025-02-16 19:03:52 [INFO]- Fetching details for logged-in admin: admin
2025-02-16 19:03:52 [INFO]- Fetching admin details for username: dashboard
2025-02-16 19:05:05 [INFO]- Fetching details for logged-in admin: admin
2025-02-16 19:05:05 [INFO]- Fetching admin details for username: dashboard
2025-02-16 19:05:05 [INFO]- Fetching details for logged-in admin: admin
2025-02-16 19:05:05 [INFO]- Fetching admin details for username: dashboard
2025-02-16 19:10:41 [INFO]- Admin session destroyed.
2025-02-16 20:40:13 [INFO]- Admin login attempt for username: admin
2025-02-16 20:40:13 [INFO]- Admin session created for username: admin
2025-02-16 20:40:14 [INFO]- Fetching details for logged-in admin: admin
2025-02-16 20:40:14 [INFO]- Fetching admin details for username: dashboard
2025-02-16 20:40:14 [INFO]- Fetching details for logged-in admin: admin
2025-02-16 20:40:14 [INFO]- Fetching admin details for username: dashboard
2025-02-16 20:51:32 [INFO]- Fetching details for logged-in admin: admin
2025-02-16 20:51:32 [INFO]- Fetching details for logged-in admin: admin
2025-02-16 20:53:34 [INFO]- Fetching details for logged-in admin: admin
2025-02-16 20:53:35 [INFO]- Fetching details for logged-in admin: admin
2025-02-16 20:54:13 [INFO]- Fetching details for logged-in admin: admin
2025-02-16 20:54:14 [INFO]- Fetching details for logged-in admin: admin
2025-02-16 21:04:59 [INFO]- Fetching details for logged-in admin: admin
2025-02-16 21:05:00 [INFO]- Fetching details for logged-in admin: admin
2025-02-16 21:07:27 [INFO]- Fetching details for logged-in admin: admin
2025-02-16 21:07:28 [INFO]- Fetching details for logged-in admin: admin
2025-02-16 21:09:30 [INFO]- Fetching details for logged-in admin: admin
2025-02-16 21:09:30 [INFO]- Fetching details for logged-in admin: admin
2025-02-16 21:09:43 [INFO]- Fetching details for logged-in admin: admin
2025-02-16 21:23:17 [INFO]- Fetching details for logged-in admin: admin
2025-02-16 21:23:17 [INFO]- Fetching details for logged-in admin: admin
2025-02-16 21:23:27 [INFO]- Fetching details for logged-in admin: admin
2025-02-16 21:23:27 [INFO]- Fetching details for logged-in admin: admin
2025-02-16 21:23:33 [INFO]- Fetching details for logged-in admin: admin
2025-02-16 21:23:33 [INFO]- Fetching admin details for username: dashboard
2025-02-16 21:23:33 [INFO]- Fetching details for logged-in admin: admin
2025-02-16 21:23:33 [INFO]- Fetching admin details for username: dashboard
2025-02-16 21:23:35 [INFO]- Fetching details for logged-in admin: admin
2025-02-16 21:23:35 [INFO]- Fetching details for logged-in admin: admin
2025-02-16 21:23:36 [INFO]- Fetching details for logged-in admin: admin
2025-02-16 21:23:36 [INFO]- Fetching admin details for username: dashboard
2025-02-16 21:23:36 [INFO]- Fetching details for logged-in admin: admin
2025-02-16 21:23:36 [INFO]- Fetching admin details for username: dashboard
2025-02-16 21:23:42 [INFO]- Fetching details for logged-in admin: admin
2025-02-16 21:23:42 [INFO]- Fetching details for logged-in admin: admin
2025-02-16 21:25:38 [INFO]- Fetching details for logged-in admin: admin
2025-02-16 21:25:41 [INFO]- Fetching details for logged-in admin: admin
2025-02-16 21:25:41 [INFO]- Fetching details for logged-in admin: admin
2025-02-16 21:26:08 [INFO]- Fetching details for logged-in admin: admin
2025-02-16 21:29:55 [INFO]- Fetching details for logged-in admin: admin
2025-02-16 21:29:55 [INFO]- Fetching admin details for username: dashboard
2025-02-16 21:29:55 [INFO]- Fetching details for logged-in admin: admin
2025-02-16 21:29:55 [INFO]- Fetching admin details for username: dashboard
2025-02-16 21:29:57 [INFO]- Fetching details for logged-in admin: admin
2025-02-16 21:29:57 [INFO]- Fetching details for logged-in admin: admin
2025-02-16 21:35:26 [INFO]- Fetching details for logged-in admin: admin
2025-02-16 21:35:26 [INFO]- Fetching details for logged-in admin: admin
2025-02-16 21:36:00 [INFO]- Fetching details for logged-in admin: admin
2025-02-16 21:37:28 [INFO]- Fetching details for logged-in admin: admin
2025-02-16 21:37:28 [INFO]- Fetching admin details for username: dashboard
2025-02-16 21:37:28 [INFO]- Fetching details for logged-in admin: admin
2025-02-16 21:37:28 [INFO]- Fetching admin details for username: dashboard
2025-02-16 21:37:29 [INFO]- Fetching details for logged-in admin: admin
2025-02-16 21:37:29 [INFO]- Fetching details for logged-in admin: admin
2025-02-16 21:46:22 [INFO]- Fetching details for logged-in admin: admin
2025-02-16 21:46:22 [INFO]- Fetching details for logged-in admin: admin
2025-02-16 21:46:22 [INFO]- Fetching details for logged-in admin: admin
2025-02-16 21:46:22 [INFO]- Fetching details for logged-in admin: admin
2025-02-16 21:46:24 [INFO]- Fetching details for logged-in admin: admin
2025-02-16 21:46:24 [INFO]- Fetching details for logged-in admin: admin
2025-02-16 21:50:42 [INFO]- Fetching details for logged-in admin: admin
2025-02-16 21:50:45 [INFO]- Fetching details for logged-in admin: admin
2025-02-16 21:50:45 [INFO]- Fetching details for logged-in admin: admin
2025-02-16 21:50:50 [INFO]- Admin session destroyed.
2025-02-16 21:51:02 [INFO]- Admin login attempt for username: admin
2025-02-16 21:51:02 [INFO]- Admin session created for username: admin
2025-02-16 21:51:02 [INFO]- Fetching details for logged-in admin: admin
2025-02-16 21:51:02 [INFO]- Fetching admin details for username: dashboard
2025-02-16 21:51:02 [INFO]- Fetching details for logged-in admin: admin
2025-02-16 21:51:02 [INFO]- Fetching admin details for username: dashboard
2025-02-16 21:51:05 [INFO]- Fetching details for logged-in admin: admin
2025-02-16 21:51:05 [INFO]- Fetching details for logged-in admin: admin
2025-02-16 21:54:35 [INFO]- Fetching details for logged-in admin: admin
2025-02-16 21:54:51 [INFO]- Fetching details for logged-in admin: admin
2025-02-16 21:54:51 [INFO]- Fetching details for logged-in admin: admin
2025-02-16 21:55:36 [INFO]- Admin session destroyed.
2025-02-16 21:55:44 [INFO]- Admin login attempt for username: admin
2025-02-16 21:55:44 [INFO]- Admin session created for username: admin
2025-02-16 21:55:44 [INFO]- Fetching details for logged-in admin: admin
2025-02-16 21:55:44 [INFO]- Fetching admin details for username: dashboard
2025-02-16 21:55:44 [INFO]- Fetching admin details for username: dashboard
2025-02-16 21:55:44 [INFO]- Fetching details for logged-in admin: admin
2025-02-16 21:55:47 [INFO]- Fetching details for logged-in admin: admin
2025-02-16 21:55:47 [INFO]- Fetching details for logged-in admin: admin
2025-02-16 21:55:59 [INFO]- Fetching details for logged-in admin: admin
2025-02-16 22:03:40 [INFO]- Fetching details for logged-in admin: admin
2025-02-16 22:10:53 [INFO]- Fetching details for logged-in admin: admin
2025-02-16 22:10:53 [INFO]- Fetching details for logged-in admin: admin
2025-02-16 22:15:03 [INFO]- Fetching details for logged-in admin: admin
